<?xml version="1.0" encoding="UTF-8"?>
<testng-results ignored="3" total="14" passed="10" failed="1" skipped="0">
  <reporter-output>
  </reporter-output>
  <suite started-at="2021-07-23T00:15:02 IST" name="Loan Department" finished-at="2021-07-23T00:15:02 IST" duration-ms="303">
    <groups>
      <group name="smoke">
        <method signature="Test2.ploan()[pri:0, instance:TestNGFramework.Test2@71238fc2]" name="ploan" class="TestNGFramework.Test2"/>
        <method signature="Test4.mobileLoginhomeLoan()[pri:0, instance:TestNGFramework.Test4@2a54a73f]" name="mobileLoginhomeLoan" class="TestNGFramework.Test4"/>
      </group> <!-- smoke -->
    </groups>
    <test started-at="2021-07-23T00:15:02 IST" name="Personal Loan" finished-at="2021-07-23T00:15:02 IST" duration-ms="113">
      <class name="TestNGFramework.Test2">
        <test-method is-config="true" signature="annotations()[pri:0, instance:TestNGFramework.Test2@71238fc2]" started-at="2021-07-23T00:15:02 IST" name="annotations" finished-at="2021-07-23T00:15:02 IST" duration-ms="1" status="PASS">
          <reporter-output>
          </reporter-output>
        </test-method> <!-- annotations -->
        <test-method is-config="true" signature="beforeClass()[pri:0, instance:TestNGFramework.Test2@71238fc2]" started-at="2021-07-23T00:15:02 IST" name="beforeClass" finished-at="2021-07-23T00:15:02 IST" duration-ms="0" status="PASS">
          <reporter-output>
          </reporter-output>
        </test-method> <!-- beforeClass -->
        <test-method signature="ploan()[pri:0, instance:TestNGFramework.Test2@71238fc2]" started-at="2021-07-23T00:15:02 IST" name="ploan" finished-at="2021-07-23T00:15:02 IST" duration-ms="2" status="PASS">
          <reporter-output>
          </reporter-output>
        </test-method> <!-- ploan -->
      </class> <!-- TestNGFramework.Test2 -->
      <class name="TestNGFramework.Test1">
        <test-method signature="demo()[pri:0, instance:TestNGFramework.Test1@31e5415e]" started-at="2021-07-23T00:15:02 IST" name="demo" finished-at="2021-07-23T00:15:02 IST" duration-ms="10" status="PASS">
          <reporter-output>
          </reporter-output>
        </test-method> <!-- demo -->
      </class> <!-- TestNGFramework.Test1 -->
      <class name="TestNGFramework.Test4">
        <test-method signature="LoginAPIhomeLoan()[pri:0, instance:TestNGFramework.Test4@2a54a73f]" started-at="2021-07-23T00:15:02 IST" name="LoginAPIhomeLoan" finished-at="2021-07-23T00:15:02 IST" duration-ms="7" status="FAIL">
          <exception class="java.lang.AssertionError">
            <message>
              <![CDATA[expected [true] but found [false]]]>
            </message>
            <full-stacktrace>
              <![CDATA[java.lang.AssertionError: expected [true] but found [false]
at org.testng.Assert.fail(Assert.java:99)
at org.testng.Assert.failNotEquals(Assert.java:1037)
at org.testng.Assert.assertTrue(Assert.java:45)
at org.testng.Assert.assertTrue(Assert.java:55)
at TestNGFramework.Test4.LoginAPIhomeLoan(Test4.java:28)
at java.base/jdk.internal.reflect.NativeMethodAccessorImpl.invoke0(Native Method)
at java.base/jdk.internal.reflect.NativeMethodAccessorImpl.invoke(NativeMethodAccessorImpl.java:78)
at java.base/jdk.internal.reflect.DelegatingMethodAccessorImpl.invoke(DelegatingMethodAccessorImpl.java:43)
at java.base/java.lang.reflect.Method.invoke(Method.java:567)
at org.testng.internal.MethodInvocationHelper.invokeMethod(MethodInvocationHelper.java:133)
at org.testng.internal.TestInvoker.invokeMethod(TestInvoker.java:598)
at org.testng.internal.TestInvoker.invokeTestMethod(TestInvoker.java:173)
at org.testng.internal.MethodRunner.runInSequence(MethodRunner.java:46)
at org.testng.internal.TestInvoker$MethodInvocationAgent.invoke(TestInvoker.java:824)
at org.testng.internal.TestInvoker.invokeTestMethods(TestInvoker.java:146)
at org.testng.internal.TestMethodWorker.invokeTestMethods(TestMethodWorker.java:146)
at org.testng.internal.TestMethodWorker.run(TestMethodWorker.java:128)
at java.base/java.util.ArrayList.forEach(ArrayList.java:1511)
at org.testng.TestRunner.privateRun(TestRunner.java:794)
at org.testng.TestRunner.run(TestRunner.java:596)
at org.testng.SuiteRunner.runTest(SuiteRunner.java:377)
at org.testng.SuiteRunner.runSequentially(SuiteRunner.java:371)
at org.testng.SuiteRunner.privateRun(SuiteRunner.java:332)
at org.testng.SuiteRunner.run(SuiteRunner.java:276)
at org.testng.SuiteRunnerWorker.runSuite(SuiteRunnerWorker.java:53)
at org.testng.SuiteRunnerWorker.run(SuiteRunnerWorker.java:96)
at org.testng.TestNG.runSuitesSequentially(TestNG.java:1212)
at org.testng.TestNG.runSuitesLocally(TestNG.java:1134)
at org.testng.TestNG.runSuites(TestNG.java:1063)
at org.testng.TestNG.run(TestNG.java:1031)
at org.testng.remote.AbstractRemoteTestNG.run(AbstractRemoteTestNG.java:115)
at org.testng.remote.RemoteTestNG.initAndRun(RemoteTestNG.java:251)
at org.testng.remote.RemoteTestNG.main(RemoteTestNG.java:77)
]]>
            </full-stacktrace>
          </exception> <!-- java.lang.AssertionError -->
          <reporter-output>
          </reporter-output>
        </test-method> <!-- LoginAPIhomeLoan -->
        <test-method signature="mobileLoginhomeLoan()[pri:0, instance:TestNGFramework.Test4@2a54a73f]" started-at="2021-07-23T00:15:02 IST" name="mobileLoginhomeLoan" finished-at="2021-07-23T00:15:02 IST" duration-ms="2" status="PASS">
          <reporter-output>
          </reporter-output>
        </test-method> <!-- mobileLoginhomeLoan -->
        <test-method signature="webLoginhomeLoan(java.lang.String)[pri:0, instance:TestNGFramework.Test4@2a54a73f]" started-at="2021-07-23T00:15:02 IST" name="webLoginhomeLoan" finished-at="2021-07-23T00:15:02 IST" duration-ms="3" status="PASS">
          <params>
            <param index="0">
              <value>
                <![CDATA[qaclickacademy.com]]>
              </value>
            </param>
          </params>
          <reporter-output>
          </reporter-output>
        </test-method> <!-- webLoginhomeLoan -->
        <test-method is-config="true" signature="annotationAfterTest()[pri:0, instance:TestNGFramework.Test4@2a54a73f]" started-at="2021-07-23T00:15:02 IST" name="annotationAfterTest" finished-at="2021-07-23T00:15:02 IST" duration-ms="1" status="PASS">
          <reporter-output>
          </reporter-output>
        </test-method> <!-- annotationAfterTest -->
      </class> <!-- TestNGFramework.Test4 -->
    </test> <!-- Personal Loan -->
    <test started-at="2021-07-23T00:15:02 IST" name="Car loan" finished-at="2021-07-23T00:15:02 IST" duration-ms="51">
      <class name="TestNGFramework.Test3">
        <test-method is-config="true" signature="beforeSuite()[pri:0, instance:TestNGFramework.Test3@437da279]" started-at="2021-07-23T00:15:02 IST" name="beforeSuite" finished-at="2021-07-23T00:15:02 IST" duration-ms="16" status="PASS">
          <reporter-output>
          </reporter-output>
        </test-method> <!-- beforeSuite -->
        <test-method is-config="true" signature="beforeMethod()[pri:0, instance:TestNGFramework.Test3@437da279]" started-at="2021-07-23T00:15:02 IST" name="beforeMethod" finished-at="2021-07-23T00:15:02 IST" duration-ms="1" status="PASS">
          <reporter-output>
          </reporter-output>
        </test-method> <!-- beforeMethod -->
        <test-method signature="LoginAPICarLoan(java.lang.String,java.lang.String)[pri:0, instance:TestNGFramework.Test3@437da279]" started-at="2021-07-23T00:15:02 IST" name="LoginAPICarLoan" data-provider="getData" finished-at="2021-07-23T00:15:02 IST" duration-ms="3" status="PASS">
          <params>
            <param index="0">
              <value>
                <![CDATA[username 1]]>
              </value>
            </param>
            <param index="1">
              <value>
                <![CDATA[Password 1]]>
              </value>
            </param>
          </params>
          <reporter-output>
          </reporter-output>
        </test-method> <!-- LoginAPICarLoan -->
        <test-method is-config="true" signature="beforeMethod()[pri:0, instance:TestNGFramework.Test3@437da279]" started-at="2021-07-23T00:15:02 IST" name="beforeMethod" finished-at="2021-07-23T00:15:02 IST" duration-ms="1" status="PASS">
          <reporter-output>
          </reporter-output>
        </test-method> <!-- beforeMethod -->
        <test-method signature="LoginAPICarLoan(java.lang.String,java.lang.String)[pri:0, instance:TestNGFramework.Test3@437da279]" started-at="2021-07-23T00:15:02 IST" name="LoginAPICarLoan" data-provider="getData" finished-at="2021-07-23T00:15:02 IST" duration-ms="2" status="PASS">
          <params>
            <param index="0">
              <value>
                <![CDATA[username 2]]>
              </value>
            </param>
            <param index="1">
              <value>
                <![CDATA[password 2]]>
              </value>
            </param>
          </params>
          <reporter-output>
          </reporter-output>
        </test-method> <!-- LoginAPICarLoan -->
        <test-method is-config="true" signature="beforeMethod()[pri:0, instance:TestNGFramework.Test3@437da279]" started-at="2021-07-23T00:15:02 IST" name="beforeMethod" finished-at="2021-07-23T00:15:02 IST" duration-ms="1" status="PASS">
          <reporter-output>
          </reporter-output>
        </test-method> <!-- beforeMethod -->
        <test-method signature="LoginAPICarLoan(java.lang.String,java.lang.String)[pri:0, instance:TestNGFramework.Test3@437da279]" started-at="2021-07-23T00:15:02 IST" name="LoginAPICarLoan" data-provider="getData" finished-at="2021-07-23T00:15:02 IST" duration-ms="2" status="PASS">
          <params>
            <param index="0">
              <value>
                <![CDATA[username 3]]>
              </value>
            </param>
            <param index="1">
              <value>
                <![CDATA[password 3]]>
              </value>
            </param>
          </params>
          <reporter-output>
          </reporter-output>
        </test-method> <!-- LoginAPICarLoan -->
        <test-method is-config="true" signature="beforeMethod()[pri:0, instance:TestNGFramework.Test3@437da279]" started-at="2021-07-23T00:15:02 IST" name="beforeMethod" finished-at="2021-07-23T00:15:02 IST" duration-ms="0" status="PASS">
          <reporter-output>
          </reporter-output>
        </test-method> <!-- beforeMethod -->
        <test-method signature="mobileLoginCarLoan()[pri:0, instance:TestNGFramework.Test3@437da279]" started-at="2021-07-23T00:15:02 IST" name="mobileLoginCarLoan" finished-at="2021-07-23T00:15:02 IST" duration-ms="3" status="PASS">
          <reporter-output>
          </reporter-output>
        </test-method> <!-- mobileLoginCarLoan -->
        <test-method is-config="true" signature="beforeMethod()[pri:0, instance:TestNGFramework.Test3@437da279]" started-at="2021-07-23T00:15:02 IST" name="beforeMethod" finished-at="2021-07-23T00:15:02 IST" duration-ms="1" status="PASS">
          <reporter-output>
          </reporter-output>
        </test-method> <!-- beforeMethod -->
        <test-method signature="webLoginCarLoan()[pri:0, instance:TestNGFramework.Test3@437da279]" started-at="2021-07-23T00:15:02 IST" name="webLoginCarLoan" finished-at="2021-07-23T00:15:02 IST" duration-ms="1" status="PASS">
          <reporter-output>
          </reporter-output>
        </test-method> <!-- webLoginCarLoan -->
        <test-method is-config="true" signature="beforeMethod()[pri:0, instance:TestNGFramework.Test3@437da279]" started-at="2021-07-23T00:15:02 IST" name="beforeMethod" finished-at="2021-07-23T00:15:02 IST" duration-ms="0" status="PASS">
          <reporter-output>
          </reporter-output>
        </test-method> <!-- beforeMethod -->
        <test-method signature="mobileSignoutCarLoan()[pri:0, instance:TestNGFramework.Test3@437da279]" started-at="2021-07-23T00:15:02 IST" name="mobileSignoutCarLoan" finished-at="2021-07-23T00:15:02 IST" depends-on-methods="TestNGFramework.Test3.mobileLoginCarLoan" duration-ms="2" status="PASS">
          <reporter-output>
          </reporter-output>
        </test-method> <!-- mobileSignoutCarLoan -->
        <test-method is-config="true" signature="afterSuite()[pri:0, instance:TestNGFramework.Test3@437da279]" started-at="2021-07-23T00:15:02 IST" name="afterSuite" finished-at="2021-07-23T00:15:02 IST" duration-ms="1" status="PASS">
          <reporter-output>
          </reporter-output>
        </test-method> <!-- afterSuite -->
      </class> <!-- TestNGFramework.Test3 -->
    </test> <!-- Car loan -->
  </suite> <!-- Loan Department -->
</testng-results>
